Zero-length reviews: 1
Maximum review length: 2514
Zero-length reviews: 0
Maximum review length: 200
			Feature Shapes:
Train set: 		(20000, 200) 
Validation set: 	(2500, 200) 
Test set: 		(2500, 200)
label set: 		(20000,) 
Validation label set: 	(2500,) 
Test label set: 		(2500,)
_________________________________________________________________
Layer (type)                 Output Shape              Param #   
=================================================================
lstm_1 (LSTM)                (None, 200, 300)          721200    
_________________________________________________________________
lstm_2 (LSTM)                (None, 300)               721200    
_________________________________________________________________
dropout_1 (Dropout)          (None, 300)               0         
_________________________________________________________________
out1 (Dense)                 (None, 1)                 301       
=================================================================
Total params: 1,442,701
Trainable params: 1,442,701
Non-trainable params: 0
_________________________________________________________________
None
Train on 18000 samples, validate on 2000 samples
Epoch 1/50
2018-11-03 17:30:08.288504: I tensorflow/core/platform/cpu_feature_guard.cc:137] Your CPU supports instructions that this TensorFlow binary was not compiled to use: SSE4.1 SSE4.2 AVX AVX2 FMA
2018-11-03 17:30:08.723704: I tensorflow/core/common_runtime/gpu/gpu_device.cc:1030] Found device 0 with properties: 
name: GeForce GTX 1080 Ti major: 6 minor: 1 memoryClockRate(GHz): 1.62
pciBusID: 0000:03:00.0
totalMemory: 10.92GiB freeMemory: 10.76GiB
2018-11-03 17:30:08.723752: I tensorflow/core/common_runtime/gpu/gpu_device.cc:1120] Creating TensorFlow device (/device:GPU:0) -> (device: 0, name: GeForce GTX 1080 Ti, pci bus id: 0000:03:00.0, compute capability: 6.1)
18000/18000 [==============================] - 89s 5ms/step - loss: 0.6569 - acc: 0.6239 - val_loss: 0.6516 - val_acc: 0.6335
Epoch 2/50
18000/18000 [==============================] - 85s 5ms/step - loss: 0.6510 - acc: 0.6208 - val_loss: 0.6022 - val_acc: 0.7045
Epoch 3/50
18000/18000 [==============================] - 84s 5ms/step - loss: 0.5640 - acc: 0.7257 - val_loss: 0.5389 - val_acc: 0.7370
Epoch 4/50
18000/18000 [==============================] - 85s 5ms/step - loss: 0.4753 - acc: 0.7847 - val_loss: 0.4249 - val_acc: 0.8180
Epoch 5/50
18000/18000 [==============================] - 85s 5ms/step - loss: 0.4307 - acc: 0.8139 - val_loss: 0.4094 - val_acc: 0.8305
Epoch 6/50
18000/18000 [==============================] - 84s 5ms/step - loss: 0.4089 - acc: 0.8231 - val_loss: 0.4307 - val_acc: 0.8225
Epoch 7/50
18000/18000 [==============================] - 84s 5ms/step - loss: 0.4227 - acc: 0.8186 - val_loss: 0.3964 - val_acc: 0.8315
Epoch 8/50
18000/18000 [==============================] - 84s 5ms/step - loss: 0.4148 - acc: 0.8207 - val_loss: 0.4450 - val_acc: 0.8085
Epoch 9/50
18000/18000 [==============================] - 84s 5ms/step - loss: 0.3924 - acc: 0.8321 - val_loss: 0.4016 - val_acc: 0.8205
Epoch 10/50
18000/18000 [==============================] - 83s 5ms/step - loss: 0.3822 - acc: 0.8355 - val_loss: 0.3760 - val_acc: 0.8300
Epoch 11/50
18000/18000 [==============================] - 84s 5ms/step - loss: 0.3770 - acc: 0.8390 - val_loss: 0.3577 - val_acc: 0.8485
Epoch 12/50
18000/18000 [==============================] - 84s 5ms/step - loss: 0.3651 - acc: 0.8455 - val_loss: 0.3724 - val_acc: 0.8410
Epoch 13/50
18000/18000 [==============================] - 85s 5ms/step - loss: 0.3646 - acc: 0.8432 - val_loss: 0.3491 - val_acc: 0.8485
Epoch 14/50
18000/18000 [==============================] - 84s 5ms/step - loss: 0.3631 - acc: 0.8441 - val_loss: 0.3839 - val_acc: 0.8360
Epoch 15/50
18000/18000 [==============================] - 83s 5ms/step - loss: 0.4122 - acc: 0.8197 - val_loss: 0.4249 - val_acc: 0.8220
Epoch 16/50
18000/18000 [==============================] - 84s 5ms/step - loss: 0.3884 - acc: 0.8350 - val_loss: 0.3593 - val_acc: 0.8450
Epoch 17/50
18000/18000 [==============================] - 85s 5ms/step - loss: 0.3645 - acc: 0.8456 - val_loss: 0.3463 - val_acc: 0.8490
Epoch 18/50
18000/18000 [==============================] - 84s 5ms/step - loss: 0.3424 - acc: 0.8535 - val_loss: 0.3374 - val_acc: 0.8620
Epoch 19/50
18000/18000 [==============================] - 86s 5ms/step - loss: 0.3376 - acc: 0.8581 - val_loss: 0.3518 - val_acc: 0.8620
Epoch 20/50
18000/18000 [==============================] - 52s 3ms/step - loss: 0.3652 - acc: 0.8467 - val_loss: 0.3608 - val_acc: 0.8535
Epoch 21/50
18000/18000 [==============================] - 24s 1ms/step - loss: 0.3668 - acc: 0.8428 - val_loss: 0.3779 - val_acc: 0.8315
Epoch 22/50
18000/18000 [==============================] - 24s 1ms/step - loss: 0.3446 - acc: 0.8530 - val_loss: 0.3278 - val_acc: 0.8665
Epoch 23/50
18000/18000 [==============================] - 25s 1ms/step - loss: 0.3237 - acc: 0.8642 - val_loss: 0.3436 - val_acc: 0.8620
Epoch 24/50
18000/18000 [==============================] - 24s 1ms/step - loss: 0.3201 - acc: 0.8678 - val_loss: 0.3354 - val_acc: 0.8730
Epoch 25/50
18000/18000 [==============================] - 24s 1ms/step - loss: 0.3239 - acc: 0.8659 - val_loss: 0.3926 - val_acc: 0.8230
Epoch 26/50
18000/18000 [==============================] - 24s 1ms/step - loss: 0.3326 - acc: 0.8633 - val_loss: 0.3159 - val_acc: 0.8740
Epoch 27/50
18000/18000 [==============================] - 24s 1ms/step - loss: 0.3000 - acc: 0.8750 - val_loss: 0.3223 - val_acc: 0.8750
Epoch 28/50
18000/18000 [==============================] - 24s 1ms/step - loss: 0.2964 - acc: 0.8767 - val_loss: 0.3017 - val_acc: 0.8795
Epoch 29/50
18000/18000 [==============================] - 24s 1ms/step - loss: 0.2899 - acc: 0.8802 - val_loss: 0.3154 - val_acc: 0.8720
Epoch 30/50
18000/18000 [==============================] - 24s 1ms/step - loss: 0.2811 - acc: 0.8850 - val_loss: 0.3032 - val_acc: 0.8735
Epoch 31/50
18000/18000 [==============================] - 25s 1ms/step - loss: 0.2822 - acc: 0.8809 - val_loss: 0.2992 - val_acc: 0.8790
Epoch 32/50
18000/18000 [==============================] - 24s 1ms/step - loss: 0.2755 - acc: 0.8864 - val_loss: 0.3492 - val_acc: 0.8550
Epoch 33/50
18000/18000 [==============================] - 24s 1ms/step - loss: 0.2873 - acc: 0.8819 - val_loss: 0.3610 - val_acc: 0.8555
Epoch 34/50
18000/18000 [==============================] - 25s 1ms/step - loss: 0.2928 - acc: 0.8788 - val_loss: 0.3265 - val_acc: 0.8520
Epoch 35/50
18000/18000 [==============================] - 26s 1ms/step - loss: 0.2721 - acc: 0.8846 - val_loss: 0.3233 - val_acc: 0.8625
Epoch 36/50
18000/18000 [==============================] - 25s 1ms/step - loss: 0.2570 - acc: 0.8938 - val_loss: 0.3008 - val_acc: 0.8705
Epoch 37/50
18000/18000 [==============================] - 25s 1ms/step - loss: 0.2336 - acc: 0.9043 - val_loss: 0.3127 - val_acc: 0.8715
Epoch 38/50
18000/18000 [==============================] - 25s 1ms/step - loss: 0.2411 - acc: 0.9021 - val_loss: 0.3699 - val_acc: 0.8615
Epoch 39/50
18000/18000 [==============================] - 25s 1ms/step - loss: 0.2933 - acc: 0.8784 - val_loss: 0.3352 - val_acc: 0.8525
Epoch 40/50
18000/18000 [==============================] - 25s 1ms/step - loss: 0.2630 - acc: 0.8918 - val_loss: 0.3178 - val_acc: 0.8720
Epoch 41/50
18000/18000 [==============================] - 25s 1ms/step - loss: 0.2484 - acc: 0.8989 - val_loss: 0.3296 - val_acc: 0.8550
Epoch 42/50
18000/18000 [==============================] - 26s 1ms/step - loss: 0.2227 - acc: 0.9109 - val_loss: 0.3285 - val_acc: 0.8665
Epoch 43/50
18000/18000 [==============================] - 25s 1ms/step - loss: 0.2081 - acc: 0.9184 - val_loss: 0.3356 - val_acc: 0.8695
Epoch 44/50
18000/18000 [==============================] - 25s 1ms/step - loss: 0.1896 - acc: 0.9259 - val_loss: 0.3443 - val_acc: 0.8620
Epoch 45/50
18000/18000 [==============================] - 25s 1ms/step - loss: 0.1778 - acc: 0.9301 - val_loss: 0.3579 - val_acc: 0.8690
Epoch 46/50
18000/18000 [==============================] - 25s 1ms/step - loss: 0.2074 - acc: 0.9136 - val_loss: 0.3498 - val_acc: 0.8555
Epoch 47/50
18000/18000 [==============================] - 25s 1ms/step - loss: 0.1724 - acc: 0.9301 - val_loss: 0.3886 - val_acc: 0.8480
Epoch 48/50
18000/18000 [==============================] - 25s 1ms/step - loss: 0.1750 - acc: 0.9287 - val_loss: 0.3619 - val_acc: 0.8730
Epoch 49/50
18000/18000 [==============================] - 25s 1ms/step - loss: 0.1593 - acc: 0.9346 - val_loss: 0.4119 - val_acc: 0.8725
Epoch 50/50
18000/18000 [==============================] - 25s 1ms/step - loss: 0.1380 - acc: 0.9438 - val_loss: 0.4126 - val_acc: 0.8680
